# JRE version: Java(TM) SE Runtime Environment (21.0.9+7) (build 21.0.9+7-LTS-338)
# Java VM: Java HotSpot(TM) 64-Bit Server VM (21.0.9+7-LTS-338, mixed mode, emulated-client, sharing, tiered, compressed oops, compressed class ptrs, g1 gc, windows-amd64)
GC Precious Log:
 CardTable entry size: 512
 Card Set container configuration: InlinePtr #cards 5 size 8 Array Of Cards #cards 12 size 40 Howl #buckets 4 coarsen threshold 1843 Howl Bitmap #cards 512 size 80 coarsen threshold 460 Card regions per heap region 1 cards per card region 2048
 CPUs: 8 total, 8 available
 Memory: 3877M
 Large Page Support: Disabled
 NUMA Support: Disabled
 Compressed Oops: Enabled (32-bit)
 Heap Region Size: 1M
 Heap Min Capacity: 8M
 Heap Initial Capacity: 62M
 Heap Max Capacity: 970M
 Pre-touch: Disabled
 Parallel Workers: 8
 Concurrent Workers: 2
 Concurrent Refinement Workers: 8
 Periodic GC: Disabled
Heap:
 garbage-first heap   total 76800K, used 43578K [0x00000000c3600000, 0x0000000100000000)
  region size 1024K, 2 young (2048K), 2 survivors (2048K)
 Metaspace       used 75332K, committed 76096K, reserved 1114112K
  class space    used 10670K, committed 11008K, reserved 1048576K
GC Heap History (20 events):
Event: 2.056 GC heap after
{Heap after GC invocations=5 (full 0):
 garbage-first heap   total 76800K, used 25132K [0x00000000c3600000, 0x0000000100000000)
  region size 1024K, 4 young (4096K), 4 survivors (4096K)
 Metaspace       used 19915K, committed 20288K, reserved 1114112K
  class space    used 2626K, committed 2816K, reserved 1048576K
}
Event: 2.674 GC heap before
{Heap before GC invocations=6 (full 0):
 garbage-first heap   total 76800K, used 53804K [0x00000000c3600000, 0x0000000100000000)
  region size 1024K, 36 young (36864K), 4 survivors (4096K)
 Metaspace       used 23870K, committed 24384K, reserved 1114112K
  class space    used 3297K, committed 3520K, reserved 1048576K
}
Event: 2.685 GC heap after
{Heap after GC invocations=7 (full 0):
 garbage-first heap   total 76800K, used 24544K [0x00000000c3600000, 0x0000000100000000)
  region size 1024K, 3 young (3072K), 3 survivors (3072K)
 Metaspace       used 23870K, committed 24384K, reserved 1114112K
  class space    used 3297K, committed 3520K, reserved 1048576K
}
Event: 3.401 GC heap before
{Heap before GC invocations=7 (full 0):
 garbage-first heap   total 76800K, used 59360K [0x00000000c3600000, 0x0000000100000000)
  region size 1024K, 37 young (37888K), 3 survivors (3072K)
 Metaspace       used 29036K, committed 29568K, reserved 1114112K
  class space    used 4098K, committed 4352K, reserved 1048576K
}
Event: 3.410 GC heap after
{Heap after GC invocations=8 (full 0):
 garbage-first heap   total 76800K, used 26935K [0x00000000c3600000, 0x0000000100000000)
  region size 1024K, 5 young (5120K), 5 survivors (5120K)
 Metaspace       used 29036K, committed 29568K, reserved 1114112K
  class space    used 4098K, committed 4352K, reserved 1048576K
}
Event: 3.924 GC heap before
{Heap before GC invocations=8 (full 0):
 garbage-first heap   total 76800K, used 49463K [0x00000000c3600000, 0x0000000100000000)
  region size 1024K, 27 young (27648K), 5 survivors (5120K)
 Metaspace       used 33306K, committed 33856K, reserved 1114112K
  class space    used 4655K, committed 4928K, reserved 1048576K
}
Event: 3.931 GC heap after
{Heap after GC invocations=9 (full 0):
 garbage-first heap   total 76800K, used 29256K [0x00000000c3600000, 0x0000000100000000)
  region size 1024K, 2 young (2048K), 2 survivors (2048K)
 Metaspace       used 33306K, committed 33856K, reserved 1114112K
  class space    used 4655K, committed 4928K, reserved 1048576K
}
Event: 4.718 GC heap before
{Heap before GC invocations=10 (full 0):
 garbage-first heap   total 76800K, used 63048K [0x00000000c3600000, 0x0000000100000000)
  region size 1024K, 35 young (35840K), 2 survivors (2048K)
 Metaspace       used 43870K, committed 44480K, reserved 1114112K
  class space    used 6121K, committed 6400K, reserved 1048576K
}
Event: 4.723 GC heap after
{Heap after GC invocations=11 (full 0):
 garbage-first heap   total 76800K, used 31943K [0x00000000c3600000, 0x0000000100000000)
  region size 1024K, 5 young (5120K), 5 survivors (5120K)
 Metaspace       used 43870K, committed 44480K, reserved 1114112K
  class space    used 6121K, committed 6400K, reserved 1048576K
}
Event: 5.492 GC heap before
{Heap before GC invocations=11 (full 0):
 garbage-first heap   total 76800K, used 64711K [0x00000000c3600000, 0x0000000100000000)
  region size 1024K, 37 young (37888K), 5 survivors (5120K)
 Metaspace       used 51547K, committed 52160K, reserved 1114112K
  class space    used 7100K, committed 7360K, reserved 1048576K
}
Event: 5.499 GC heap after
{Heap after GC invocations=12 (full 0):
 garbage-first heap   total 76800K, used 33247K [0x00000000c3600000, 0x0000000100000000)
  region size 1024K, 2 young (2048K), 2 survivors (2048K)
 Metaspace       used 51547K, committed 52160K, reserved 1114112K
  class space    used 7100K, committed 7360K, reserved 1048576K
}
Event: 5.830 GC heap before
{Heap before GC invocations=12 (full 0):
 garbage-first heap   total 76800K, used 47583K [0x00000000c3600000, 0x0000000100000000)
  region size 1024K, 17 young (17408K), 2 survivors (2048K)
 Metaspace       used 56211K, committed 56768K, reserved 1114112K
  class space    used 7883K, committed 8128K, reserved 1048576K
}
Event: 5.833 GC heap after
{Heap after GC invocations=13 (full 0):
 garbage-first heap   total 76800K, used 33850K [0x00000000c3600000, 0x0000000100000000)
  region size 1024K, 3 young (3072K), 3 survivors (3072K)
 Metaspace       used 56211K, committed 56768K, reserved 1114112K
  class space    used 7883K, committed 8128K, reserved 1048576K
}
Event: 6.580 GC heap before
{Heap before GC invocations=14 (full 0):
 garbage-first heap   total 76800K, used 66618K [0x00000000c3600000, 0x0000000100000000)
  region size 1024K, 35 young (35840K), 3 survivors (3072K)
 Metaspace       used 61969K, committed 62656K, reserved 1114112K
  class space    used 8796K, committed 9088K, reserved 1048576K
}
Event: 6.586 GC heap after
{Heap after GC invocations=15 (full 0):
 garbage-first heap   total 76800K, used 36319K [0x00000000c3600000, 0x0000000100000000)
  region size 1024K, 5 young (5120K), 5 survivors (5120K)
 Metaspace       used 61969K, committed 62656K, reserved 1114112K
  class space    used 8796K, committed 9088K, reserved 1048576K
}
Event: 7.242 GC heap before
{Heap before GC invocations=15 (full 0):
 garbage-first heap   total 76800K, used 66015K [0x00000000c3600000, 0x0000000100000000)
  region size 1024K, 34 young (34816K), 5 survivors (5120K)
 Metaspace       used 66399K, committed 67200K, reserved 1114112K
  class space    used 9428K, committed 9792K, reserved 1048576K
}
Event: 7.249 GC heap after
{Heap after GC invocations=16 (full 0):
 garbage-first heap   total 76800K, used 38224K [0x00000000c3600000, 0x0000000100000000)
  region size 1024K, 5 young (5120K), 5 survivors (5120K)
 Metaspace       used 66399K, committed 67200K, reserved 1114112K
  class space    used 9428K, committed 9792K, reserved 1048576K
}
Event: 7.805 GC heap before
{Heap before GC invocations=16 (full 0):
 garbage-first heap   total 76800K, used 64848K [0x00000000c3600000, 0x0000000100000000)
  region size 1024K, 32 young (32768K), 5 survivors (5120K)
 Metaspace       used 69896K, committed 70656K, reserved 1114112K
  class space    used 9975K, committed 10304K, reserved 1048576K
}
Event: 7.813 GC heap after
{Heap after GC invocations=17 (full 0):
 garbage-first heap   total 76800K, used 41783K [0x00000000c3600000, 0x0000000100000000)
  region size 1024K, 4 young (4096K), 4 survivors (4096K)
 Metaspace       used 69896K, committed 70656K, reserved 1114112K
  class space    used 9975K, committed 10304K, reserved 1048576K
}
Event: 581.927 GC heap before
{Heap before GC invocations=17 (full 0):
 garbage-first heap   total 76800K, used 66359K [0x00000000c3600000, 0x0000000100000000)
  region size 1024K, 29 young (29696K), 4 survivors (4096K)
 Metaspace       used 75332K, committed 76096K, reserved 1114112K
  class space    used 10670K, committed 11008K, reserved 1048576K
}

